CashierQueuee/app/build/outputs/logs/manifest-merger-debug-report.txt
-- Merging decision tree log ---
manifest
ADDED from src\main\AndroidManifest.xml:2:1-25:12
	package
		ADDED from src\main\AndroidManifest.xml:3:5-48
		INJECTED from src\main\AndroidManifest.xml
		INJECTED from src\main\AndroidManifest.xml
	android:versionName
		INJECTED from src\main\AndroidManifest.xml
		INJECTED from src\main\AndroidManifest.xml
	xmlns:android
		ADDED from src\main\AndroidManifest.xml:2:11-69
	android:versionCode
		INJECTED from src\main\AndroidManifest.xml
		INJECTED from src\main\AndroidManifest.xml
uses-permission#android.permission.ACCESS_NETWORK_STATE
ADDED from src\main\AndroidManifest.xml:5:5-79
MERGED from [com.estimote:sdk:0.9.1] AndroidManifest.xml:14:5-79
	android:name
		ADDED from src\main\AndroidManifest.xml:5:22-76
application
ADDED from src\main\AndroidManifest.xml:8:5-23:19
MERGED from [com.estimote:sdk:0.9.1] AndroidManifest.xml:20:5-24:19
MERGED from [com.android.support:support-v4:21.0.3] AndroidManifest.xml:16:5-19
MERGED from [com.android.support:support-v4:21.0.3] AndroidManifest.xml:16:5-19
	android:label
		ADDED from src\main\AndroidManifest.xml:12:9-41
	android:allowBackup
		ADDED from src\main\AndroidManifest.xml:9:9-35
	android:icon
		ADDED from src\main\AndroidManifest.xml:10:9-43
	android:theme
		ADDED from src\main\AndroidManifest.xml:13:9-40
	android:name
		ADDED from src\main\AndroidManifest.xml:11:9-38
activity#com.example.abraham.cashierqueuee.LoginActivity
ADDED from src\main\AndroidManifest.xml:14:9-22:20
	android:label
		ADDED from src\main\AndroidManifest.xml:16:13-45
	android:name
		ADDED from src\main\AndroidManifest.xml:15:13-42
intent-filter#android.intent.action.MAIN+android.intent.category.LAUNCHER
ADDED from src\main\AndroidManifest.xml:17:13-21:29
action#android.intent.action.MAIN
ADDED from src\main\AndroidManifest.xml:18:17-69
	android:name
		ADDED from src\main\AndroidManifest.xml:18:25-66
category#android.intent.category.LAUNCHER
ADDED from src\main\AndroidManifest.xml:20:17-77
	android:name
		ADDED from src\main\AndroidManifest.xml:20:27-74
uses-sdk
INJECTED from src\main\AndroidManifest.xml reason: use-sdk injection requested
MERGED from [com.estimote:sdk:0.9.1] AndroidManifest.xml:7:5-43
MERGED from [io.reactivex:rxandroid:1.0.1] AndroidManifest.xml:19:5-43
MERGED from [com.facebook.fresco:fresco:0.7.0] AndroidManifest.xml:5:5-7:41
MERGED from [com.facebook.fresco:imagepipeline:0.7.0] AndroidManifest.xml:5:5-7:41
MERGED from [com.facebook.fresco:fbcore:0.7.0] AndroidManifest.xml:5:5-7:41
MERGED from [com.android.support:support-v4:21.0.3] AndroidManifest.xml:15:5-42
MERGED from [com.facebook.fresco:drawee:0.7.0] AndroidManifest.xml:5:5-7:41
MERGED from [com.facebook.fresco:fbcore:0.7.0] AndroidManifest.xml:5:5-7:41
MERGED from [com.android.support:support-v4:21.0.3] AndroidManifest.xml:15:5-42
MERGED from [com.facebook.fresco:fbcore:0.7.0] AndroidManifest.xml:5:5-7:41
	android:targetSdkVersion
		INJECTED from src\main\AndroidManifest.xml
		INJECTED from src\main\AndroidManifest.xml
	android:minSdkVersion
		INJECTED from src\main\AndroidManifest.xml
		INJECTED from src\main\AndroidManifest.xml
uses-permission#android.permission.BLUETOOTH
ADDED from [com.estimote:sdk:0.9.1] AndroidManifest.xml:10:5-68
	android:name
		ADDED from [com.estimote:sdk:0.9.1] AndroidManifest.xml:10:22-65
uses-permission#android.permission.BLUETOOTH_ADMIN
ADDED from [com.estimote:sdk:0.9.1] AndroidManifest.xml:11:5-74
	android:name
		ADDED from [com.estimote:sdk:0.9.1] AndroidManifest.xml:11:22-71
uses-permission#android.permission.INTERNET
ADDED from [com.estimote:sdk:0.9.1] AndroidManifest.xml:13:5-67
	android:name
		ADDED from [com.estimote:sdk:0.9.1] AndroidManifest.xml:13:22-64
uses-feature#android.hardware.bluetooth_le
ADDED from [com.estimote:sdk:0.9.1] AndroidManifest.xml:16:5-18:36
	android:required
		ADDED from [com.estimote:sdk:0.9.1] AndroidManifest.xml:18:9-33
	android:name
		ADDED from [com.estimote:sdk:0.9.1] AndroidManifest.xml:17:9-53
service#com.estimote.sdk.service.BeaconService
ADDED from [com.estimote:sdk:0.9.1] AndroidManifest.xml:21:9-23:40
	android:exported
		ADDED from [com.estimote:sdk:0.9.1] AndroidManifest.xml:23:13-37
	android:name
		ADDED from [com.estimote:sdk:0.9.1] AndroidManifest.xml:22:13-66